***  Installation Started 03/20/2024 14:12  ***
Title: Disney Toontown Online Installation
Source: C:\games\Lego games\Disney\Disney Online\Toontown_BR\br_1\Toontown_BR_1\InstallLauncher.exe
Made Dir: C:\Program Files\Disney
Made Dir: C:\Program Files\Disney\Disney Online
Made Dir: C:\Program Files\Disney\Disney Online\Toontown_BR
File Copy: C:\Program Files\Disney\Disney Online\Toontown_BR\UNWISE.EXE
File Copy: C:\Program Files\Disney\Disney Online\Toontown_BR\UNWISE.INI
RegDB Key: Software\Microsoft\Windows\CurrentVersion\Uninstall\Disney Toontown Online BR
RegDB Val: Disney Toontown Online BR
RegDB Name: DisplayName
RegDB Root: 2
RegDB Key: Software\Microsoft\Windows\CurrentVersion\Uninstall\Disney Toontown Online BR
RegDB Val: C:\PROGRA~1\Disney\DISNEY~1\TOONTO~1\UNWISE.EXE /A C:\PROGRA~1\Disney\DISNEY~1\TOONTO~1\INSTALL.LOG
RegDB Name: UninstallString
RegDB Root: 2
RegDB Key: Software\Microsoft\Windows\CurrentVersion\Uninstall\Disney Toontown Online BR
RegDB Val: Walt Disney Co.
RegDB Name: Publisher
RegDB Root: 2
RegDB Key: Software\Microsoft\Windows\CurrentVersion\Uninstall\Disney Toontown Online BR
RegDB Val: C:\Program Files\Disney\Disney Online\Toontown_BR\toontown.ico
RegDB Name: DisplayIcon
RegDB Root: 2
RegDB Key: Software\Microsoft\Windows\CurrentVersion\Uninstall\Disney Toontown Online BR
RegDB Val: 1
RegDB Name: NoModify
RegDB Root: 2
File Copy: C:\Program Files\Disney\Disney Online\Toontown_BR\Configrc.exe
File Copy: C:\Program Files\Disney\Disney Online\Toontown_BR\libdtool.dll
File Copy: C:\Program Files\Disney\Disney Online\Toontown_BR\libdtoolconfig.dll
File Copy: C:\Program Files\Disney\Disney Online\Toontown_BR\libheapq.dll
File Copy: C:\Program Files\Disney\Disney Online\Toontown_BR\libpandaexpress.dll
File Copy: C:\Program Files\Disney\Disney Online\Toontown_BR\libpandaode.dll
File Copy: C:\Program Files\Disney\Disney Online\Toontown_BR\msvcp71.dll
File Copy: C:\Program Files\Disney\Disney Online\Toontown_BR\msvcr71.dll
File Copy: C:\Program Files\Disney\Disney Online\Toontown_BR\PlayToontown.url
File Copy: C:\Program Files\Disney\Disney Online\Toontown_BR\PlayToontownTest.url
File Copy: C:\Program Files\Disney\Disney Online\Toontown_BR\python24.dll
File Copy: C:\Program Files\Disney\Disney Online\Toontown_BR\pywintypes24.dll
File Copy: C:\Program Files\Disney\Disney Online\Toontown_BR\Toontown.exe
File Copy: C:\Program Files\Disney\Disney Online\Toontown_BR\toontown.ico
File Copy: C:\Program Files\Disney\Disney Online\Toontown_BR\Toontown.url
File Copy: C:\Program Files\Disney\Disney Online\Toontown_BR\ToontownTest.url
File Copy: C:\Program Files\Disney\Disney Online\Toontown_BR\unicodedata.pyd
File Copy: C:\Program Files\Disney\Disney Online\Toontown_BR\win32api.pyd
File Copy: C:\Program Files\Disney\Disney Online\Toontown_BR\zlib.pyd
File Copy: C:\Program Files\Disney\Disney Online\Toontown_BR\_ctypes.pyd
File Copy: C:\Program Files\Disney\Disney Online\Toontown_BR\_socket.pyd
RegDB Key: Software\Disney\Disney Online\Toontown_BR
RegDB Val: 1
RegDB Name: LAUNCHER_EXTRACTED
RegDB Root: 1
Shell Link: C:\Users\vitor\AppData\Roaming\Microsoft\Windows\Start Menu\Programs\Disney Toontown Online BR\Jogo Toontown.lnk
Shell Link: C:\Users\vitor\AppData\Roaming\Microsoft\Windows\Start Menu\Programs\Disney Toontown Online BR\Uninstall.lnk
Shell Link: C:\Users\vitor\Desktop\Disney Toontown Online BR.lnk
Execute Program: C:\Program Files\Disney\Disney Online\Toontown_BR\Configrc.exe -uninstall_activex
Execute Program: C:\Program Files\Disney\Disney Online\Toontown_BR\uninst.exe
File Tree: C:\Program Files\Disney\Disney Online\Toontown_BR\phase_2\
File Tree: C:\Program Files\Disney\Disney Online\Toontown_BR\phase_3\
File Tree: C:\Program Files\Disney\Disney Online\Toontown_BR\phase_4\
File Tree: C:\Program Files\Disney\Disney Online\Toontown_BR\phase_5\
File Tree: C:\Program Files\Disney\Disney Online\Toontown_BR\phase_6\
File Tree: C:\Program Files\Disney\Disney Online\Toontown_BR\phase_7\
File Tree: C:\Program Files\Disney\Disney Online\Toontown_BR\phase_8\
File Tree: C:\Program Files\Disney\Disney Online\Toontown_BR\maps\
File Tree: C:\Program Files\Disney\Disney Online\Toontown_BR\db\
File Tree: C:\Program Files\Disney\Disney Online\Toontown_BR\mf\
File Tree: C:\Program Files\Disney\Disney Online\Toontown_BR\*.*
File Tree: C:\Users\vitor\AppData\Local\Temp\ToontownInstaller*.log
RegDB Tree: SOFTWARE\Disney\Disney Online\Toontown_BR
RegDB Root: 1
RegDB Key: Software\Microsoft\Windows\CurrentVersion\Uninstall\Disney Toontown Online BR
RegDB Val: http://toontown.terra.com.br/
RegDB Name: URLInfoAbout
RegDB Root: 2
User Rights: Admin
