***  Installation Started 07/07/2005 14:51  ***
Title: Disneys Toontown Online Installation
Source: C:\Program Files\Disney\Disney Online\Toontown_Wanadoo\InstallLauncher.exe
File Copy: C:\Program Files\Disney\Disney Online\Toontown_Wanadoo\UNWISE.EXE
File Copy: C:\Program Files\Disney\Disney Online\Toontown_Wanadoo\UNWISE.INI
RegDB Key: Software\Microsoft\Windows\CurrentVersion\Uninstall\Disney's Toontown Online
RegDB Val: Disney's Toontown Online
RegDB Name: DisplayName
RegDB Root: 2
RegDB Key: Software\Microsoft\Windows\CurrentVersion\Uninstall\Disney's Toontown Online
RegDB Val: C:\PROGRA~1\Disney\DISNEY~1\TOONTO~1\UNWISE.EXE /A C:\PROGRA~1\Disney\DISNEY~1\TOONTO~1\INSTALL.LOG
RegDB Name: UninstallString
RegDB Root: 2
RegDB Key: Software\Microsoft\Windows\CurrentVersion\Uninstall\Disney's Toontown Online
RegDB Val: Walt Disney Co.
RegDB Name: Publisher
RegDB Root: 2
RegDB Key: Software\Microsoft\Windows\CurrentVersion\Uninstall\Disney's Toontown Online
RegDB Val: http://www.toontown.com
RegDB Name: URLInfoAbout
RegDB Root: 2
RegDB Key: Software\Microsoft\Windows\CurrentVersion\Uninstall\Disney's Toontown Online
RegDB Val: C:\Program Files\Disney\Disney Online\Toontown_Wanadoo\toontown.ico
RegDB Name: DisplayIcon
RegDB Root: 2
RegDB Key: Software\Microsoft\Windows\CurrentVersion\Uninstall\Disney's Toontown Online
RegDB Val: http://www.toontown.com
RegDB Name: HelpLink
RegDB Root: 2
RegDB Key: Software\Microsoft\Windows\CurrentVersion\Uninstall\Disney's Toontown Online
RegDB Val: 1
RegDB Name: NoModify
RegDB Root: 2
File Copy: C:\Program Files\Disney\Disney Online\Toontown_Wanadoo\Configrc.exe
File Copy: C:\Program Files\Disney\Disney Online\Toontown_Wanadoo\libdtool.dll
File Copy: C:\Program Files\Disney\Disney Online\Toontown_Wanadoo\libdtoolconfig.dll
File Copy: C:\Program Files\Disney\Disney Online\Toontown_Wanadoo\libpandaexpress.dll
File Copy: C:\Program Files\Disney\Disney Online\Toontown_Wanadoo\msvcp70.dll
File Copy: C:\Program Files\Disney\Disney Online\Toontown_Wanadoo\msvcr70.dll
File Copy: C:\Program Files\Disney\Disney Online\Toontown_Wanadoo\nspr4.dll
File Copy: C:\Program Files\Disney\Disney Online\Toontown_Wanadoo\Phase2.pyz
File Copy: C:\Program Files\Disney\Disney Online\Toontown_Wanadoo\PlayToontown.url
File Copy: C:\Program Files\Disney\Disney Online\Toontown_Wanadoo\PlayToontownTest.url
File Copy: C:\Program Files\Disney\Disney Online\Toontown_Wanadoo\python22.dll
File Copy: C:\Program Files\Disney\Disney Online\Toontown_Wanadoo\PyWinTypes22.dll
File Copy: C:\Program Files\Disney\Disney Online\Toontown_Wanadoo\Toontown.exe
File Copy: C:\Program Files\Disney\Disney Online\Toontown_Wanadoo\toontown.ico
File Copy: C:\Program Files\Disney\Disney Online\Toontown_Wanadoo\Toontown.url
File Copy: C:\Program Files\Disney\Disney Online\Toontown_Wanadoo\ToontownTest.url
File Copy: C:\Program Files\Disney\Disney Online\Toontown_Wanadoo\win32api.pyd
File Copy: C:\Program Files\Disney\Disney Online\Toontown_Wanadoo\zlib.pyd
File Copy: C:\Program Files\Disney\Disney Online\Toontown_Wanadoo\_socket.pyd
File Copy: C:\Program Files\Disney\Disney Online\Toontown_Wanadoo\_sre.pyd
RegDB Key: Software\Disney\Disney Online\Toontown_Wanadoo
RegDB Val: 1
RegDB Name: LAUNCHER_EXTRACTED
RegDB Root: 2
Made Dir: C:\Documents and Settings\yolee.ONLINE\Start Menu\Programs\Disney's Toontown Online
Shell Link: C:\Documents and Settings\yolee.ONLINE\Start Menu\Programs\Disney's Toontown Online\Play Toontown.lnk
Shell Link: C:\Documents and Settings\yolee.ONLINE\Start Menu\Programs\Disney's Toontown Online\Uninstall.lnk
Shell Link: C:\Documents and Settings\yolee.ONLINE\Desktop\Disney's Toontown Online.lnk
Execute Program: C:\Program Files\Disney\Disney Online\Toontown_Wanadoo\Configrc.exe -uninstall_activex
File Tree: C:\Program Files\Disney\Disney Online\Toontown_Wanadoo\phase_2\
File Tree: C:\Program Files\Disney\Disney Online\Toontown_Wanadoo\phase_3\
File Tree: C:\Program Files\Disney\Disney Online\Toontown_Wanadoo\phase_4\
File Tree: C:\Program Files\Disney\Disney Online\Toontown_Wanadoo\phase_5\
File Tree: C:\Program Files\Disney\Disney Online\Toontown_Wanadoo\phase_6\
File Tree: C:\Program Files\Disney\Disney Online\Toontown_Wanadoo\phase_7\
File Tree: C:\Program Files\Disney\Disney Online\Toontown_Wanadoo\phase_8\
File Tree: C:\Program Files\Disney\Disney Online\Toontown_Wanadoo\maps\
File Tree: C:\Program Files\Disney\Disney Online\Toontown_Wanadoo\db\
File Tree: C:\Program Files\Disney\Disney Online\Toontown_Wanadoo\mf\
File Tree: C:\Program Files\Disney\Disney Online\Toontown_Wanadoo\*.*
File Tree: C:\DOCUME~1\YOLEE~1.ONL\LOCALS~1\Temp\ToontownInstaller*.log
RegDB Tree: SOFTWARE\Disney\Disney Online\Toontown_Wanadoo
RegDB Root: 2
User Rights: Admin
***  Installation Started 10/29/2020 14:44  ***
Title: Disney's Toontown Online Installation
Source: Z:\run\media\parkerhanegan\Toontown\Setup.exe
RegDB Key: SOFTWARE\Disney\Disney Online\Toontown_Wanadoo
RegDB Val: C:\Program Files\Disney\Disney Online\Toontown_Wanadoo
RegDB Name: INSTALL_DIR
RegDB Root: 2
RegDB Key: SOFTWARE\Disney\Disney Online\Toontown_Wanadoo
RegDB Val: 100
RegDB Name: PERCENT_OVERALL_COMPLETE
RegDB Root: 2
RegDB Key: SOFTWARE\Disney\Disney Online\Toontown_Wanadoo
RegDB Val: NO GREEN
RegDB Name: TOONTOWN_GREEN
RegDB Root: 2
RegDB Key: SOFTWARE\Disney\Disney Online\Toontown_Wanadoo
RegDB Val: 
RegDB Name: TOONTOWN_BLUE
RegDB Root: 2
RegDB Key: SOFTWARE\Disney\Disney Online\Toontown_Wanadoo
RegDB Val: 
RegDB Name: TOONTOWN_PLAYTOKEN
RegDB Root: 2
RegDB Key: SOFTWARE\Disney\Disney Online\Toontown_Wanadoo
RegDB Val: 1
RegDB Name: LAUNCHER_EXTRACTED
RegDB Root: 2
RegDB Key: SOFTWARE\Disney\Disney Online\Toontown_Wanadoo
RegDB Val: http://idownload.french.toontown.com/
RegDB Name: DOWNLOAD_SERVER
RegDB Root: 2
RegDB Key: SOFTWARE\Disney\Disney Online\Toontown_Wanadoo
RegDB Val: 100
RegDB Name: PERCENT_PHASE_COMPLETE_3
RegDB Root: 2
RegDB Key: SOFTWARE\Disney\Disney Online\Toontown_Wanadoo
RegDB Val: 100
RegDB Name: PERCENT_PHASE_COMPLETE_3.5
RegDB Root: 2
RegDB Key: SOFTWARE\Disney\Disney Online\Toontown_Wanadoo
RegDB Val: 100
RegDB Name: PERCENT_PHASE_COMPLETE_4
RegDB Root: 2
RegDB Key: SOFTWARE\Disney\Disney Online\Toontown_Wanadoo
RegDB Val: 100
RegDB Name: PERCENT_PHASE_COMPLETE_5
RegDB Root: 2
RegDB Key: SOFTWARE\Disney\Disney Online\Toontown_Wanadoo
RegDB Val: 100
RegDB Name: PERCENT_PHASE_COMPLETE_5.5
RegDB Root: 2
RegDB Key: SOFTWARE\Disney\Disney Online\Toontown_Wanadoo
RegDB Val: 100
RegDB Name: PERCENT_PHASE_COMPLETE_6
RegDB Root: 2
RegDB Key: SOFTWARE\Disney\Disney Online\Toontown_Wanadoo
RegDB Val: 100
RegDB Name: PERCENT_PHASE_COMPLETE_7
RegDB Root: 2
RegDB Key: SOFTWARE\Disney\Disney Online\Toontown_Wanadoo
RegDB Val: 100
RegDB Name: PERCENT_PHASE_COMPLETE_8
RegDB Root: 2
RegDB Key: SOFTWARE\Disney\Disney Online\Toontown_Wanadoo
RegDB Val: 100
RegDB Name: PERCENT_PHASE_COMPLETE_9
RegDB Root: 2
RegDB Key: SOFTWARE\Disney\Disney Online\Toontown_Wanadoo
RegDB Val: Starting Toontown...
RegDB Name: LAUNCHER_MESSAGE
RegDB Root: 2
RegDB Key: SOFTWARE\Disney\Disney Online\Toontown_Wanadoo
RegDB Val: normal
RegDB Name: EXIT_PAGE
RegDB Root: 2
RegDB Key: SOFTWARE\Disney\Disney Online\Toontown_Wanadoo
RegDB Val: 0
RegDB Name: PANDA_ERROR_CODE
RegDB Root: 2
RegDB Key: SOFTWARE\Disney\Disney Online\Toontown_Wanadoo
RegDB Val: 
RegDB Name: NEED_PW_FOR_SECRET
RegDB Root: 2
RegDB Key: SOFTWARE\Disney\Disney Online\Toontown_Wanadoo
RegDB Val: 1
RegDB Name: PAID_USER_LOGGED_IN
RegDB Root: 2
RegDB Key: SOFTWARE\Disney\Disney Online\Toontown_Wanadoo
RegDB Val: 1
RegDB Name: USER_LOGGED_IN
RegDB Root: 2
RegDB Key: SOFTWARE\Disney\Disney Online\Toontown_Wanadoo
RegDB Val: 0
RegDB Name: IS_NEW_INSTALLATION
RegDB Root: 2
RegDB Key: SOFTWARE\Disney\Disney Online\Toontown_Wanadoo
RegDB Val: 5
RegDB Name: CDROM_INSTALLATION
RegDB Root: 2
RegDB Key: SOFTWARE\Disney\Disney Online\Toontown_Wanadoo
RegDB Val: toontownFRV1
RegDB Name: REFERRER_CODE
RegDB Root: 2
Made Dir: C:\Program Files\Disney
Made Dir: C:\Program Files\Disney\Disney Online
Made Dir: C:\Program Files\Disney\Disney Online\Toontown_Wanadoo
File Copy: C:\Program Files\Disney\Disney Online\Toontown_Wanadoo\UNWISE.EXE
File Copy: C:\Program Files\Disney\Disney Online\Toontown_Wanadoo\UNWISE.INI
RegDB Key: Software\Microsoft\Windows\CurrentVersion\Uninstall\Disney's Toontown Online
RegDB Val: Disney's Toontown Online
RegDB Name: DisplayName
RegDB Root: 2
RegDB Old: Disney's Toontown Online
RegDB Key: Software\Microsoft\Windows\CurrentVersion\Uninstall\Disney's Toontown Online
RegDB Val: C:\PROG~FBU\Disney\DISN~YWA\TOON~X55\UNWISE.EXE /A C:\PROG~FBU\Disney\DISN~YWA\TOON~X55\INSTALL.LOG
RegDB Name: UninstallString
RegDB Root: 2
RegDB Old: C:\PROG~FBU\Disney\DISN~YWA\Toontown\UNWISE.EXE C:\PROG~FBU\Disney\DISN~YWA\Toontown\INSTALL.LOG
RegDB Key: Software\Microsoft\Windows\CurrentVersion\Uninstall\Disney's Toontown Online
RegDB Val: Walt Disney Co.
RegDB Name: Publisher
RegDB Root: 2
RegDB Key: Software\Microsoft\Windows\CurrentVersion\Uninstall\Disney's Toontown Online
RegDB Val: http://www.toontown.com
RegDB Name: URLInfoAbout
RegDB Root: 2
RegDB Key: Software\Microsoft\Windows\CurrentVersion\Uninstall\Disney's Toontown Online
RegDB Val: C:\Program Files\Disney\Disney Online\Toontown_Wanadoo\toontown.ico
RegDB Name: DisplayIcon
RegDB Root: 2
RegDB Key: Software\Microsoft\Windows\CurrentVersion\Uninstall\Disney's Toontown Online
RegDB Val: http://www.toontown.com
RegDB Name: HelpLink
RegDB Root: 2
RegDB Key: Software\Microsoft\Windows\CurrentVersion\Uninstall\Disney's Toontown Online
RegDB Val: 1
RegDB Name: NoModify
RegDB Root: 2
File Copy: C:\Program Files\Disney\Disney Online\Toontown_Wanadoo\client.ddb
File Copy: C:\Program Files\Disney\Disney Online\Toontown_Wanadoo\Configrc.exe
File Copy: C:\Program Files\Disney\Disney Online\Toontown_Wanadoo\INSTALL.LOG
File Copy: C:\Program Files\Disney\Disney Online\Toontown_Wanadoo\InstallLauncher.exe
File Copy: C:\Program Files\Disney\Disney Online\Toontown_Wanadoo\libdirect.dll
File Copy: C:\Program Files\Disney\Disney Online\Toontown_Wanadoo\libdtool.dll
File Copy: C:\Program Files\Disney\Disney Online\Toontown_Wanadoo\libdtoolconfig.dll
File Copy: C:\Program Files\Disney\Disney Online\Toontown_Wanadoo\libmiles_audio.dll
File Copy: C:\Program Files\Disney\Disney Online\Toontown_Wanadoo\libpanda.dll
File Copy: C:\Program Files\Disney\Disney Online\Toontown_Wanadoo\libpandadx7.dll
File Copy: C:\Program Files\Disney\Disney Online\Toontown_Wanadoo\libpandadx8.dll
File Copy: C:\Program Files\Disney\Disney Online\Toontown_Wanadoo\libpandaexpress.dll
File Copy: C:\Program Files\Disney\Disney Online\Toontown_Wanadoo\libpandagl.dll
File Copy: C:\Program Files\Disney\Disney Online\Toontown_Wanadoo\libpandaphysics.dll
File Copy: C:\Program Files\Disney\Disney Online\Toontown_Wanadoo\libtoontown.dll
File Copy: C:\Program Files\Disney\Disney Online\Toontown_Wanadoo\libwindisplay.dll
File Copy: C:\Program Files\Disney\Disney Online\Toontown_Wanadoo\mss32.dll
File Copy: C:\Program Files\Disney\Disney Online\Toontown_Wanadoo\mssmp3.asi
File Copy: C:\Program Files\Disney\Disney Online\Toontown_Wanadoo\msvcp70.dll
File Copy: C:\Program Files\Disney\Disney Online\Toontown_Wanadoo\msvcr70.dll
File Copy: C:\Program Files\Disney\Disney Online\Toontown_Wanadoo\nspr4.dll
File Copy: C:\Program Files\Disney\Disney Online\Toontown_Wanadoo\Phase2.pyz
File Copy: C:\Program Files\Disney\Disney Online\Toontown_Wanadoo\Phase3.pyo
File Copy: C:\Program Files\Disney\Disney Online\Toontown_Wanadoo\Phase3.pyz
File Copy: C:\Program Files\Disney\Disney Online\Toontown_Wanadoo\phase_3.5.mf
File Copy: C:\Program Files\Disney\Disney Online\Toontown_Wanadoo\phase_3.mf
File Copy: C:\Program Files\Disney\Disney Online\Toontown_Wanadoo\phase_4.mf
File Copy: C:\Program Files\Disney\Disney Online\Toontown_Wanadoo\phase_5.5.mf
File Copy: C:\Program Files\Disney\Disney Online\Toontown_Wanadoo\phase_5.mf
File Copy: C:\Program Files\Disney\Disney Online\Toontown_Wanadoo\phase_6.mf
File Copy: C:\Program Files\Disney\Disney Online\Toontown_Wanadoo\phase_7.mf
File Copy: C:\Program Files\Disney\Disney Online\Toontown_Wanadoo\phase_8.mf
File Copy: C:\Program Files\Disney\Disney Online\Toontown_Wanadoo\PlayToontown.url
File Copy: C:\Program Files\Disney\Disney Online\Toontown_Wanadoo\PlayToontownTest.url
File Copy: C:\Program Files\Disney\Disney Online\Toontown_Wanadoo\python22.dll
File Copy: C:\Program Files\Disney\Disney Online\Toontown_Wanadoo\PyWinTypes22.dll
File Copy: C:\Program Files\Disney\Disney Online\Toontown_Wanadoo\toonmono.cur
File Copy: C:\Program Files\Disney\Disney Online\Toontown_Wanadoo\Toontown.exe
File Copy: C:\Program Files\Disney\Disney Online\Toontown_Wanadoo\toontown.ico
File Copy: C:\Program Files\Disney\Disney Online\Toontown_Wanadoo\Toontown.url
File Copy: C:\Program Files\Disney\Disney Online\Toontown_Wanadoo\ToontownTest.url
File Overwrite: C:\Program Files\Disney\Disney Online\Toontown_Wanadoo\UNWISE.EXE
File Overwrite: C:\Program Files\Disney\Disney Online\Toontown_Wanadoo\UNWISE.INI
File Copy: C:\Program Files\Disney\Disney Online\Toontown_Wanadoo\win32api.pyd
File Copy: C:\Program Files\Disney\Disney Online\Toontown_Wanadoo\zlib.pyd
File Copy: C:\Program Files\Disney\Disney Online\Toontown_Wanadoo\_socket.pyd
File Copy: C:\Program Files\Disney\Disney Online\Toontown_Wanadoo\_sre.pyd
RegDB Key: Software\Disney\Disney Online\Toontown_Wanadoo
RegDB Val: 1
RegDB Name: LAUNCHER_EXTRACTED
RegDB Type: 3
RegDB Root: 2
RegDB Old: 1
Made Dir: C:\users\parkerhanegan\Start Menu\Programs\Disney's Toontown Online
Shell Link: C:\users\parkerhanegan\Start Menu\Programs\Disney's Toontown Online\Play Toontown.lnk
Shell Link: C:\users\parkerhanegan\Start Menu\Programs\Disney's Toontown Online\Uninstall.lnk
Shell Link: C:\users\parkerhanegan\Desktop\Disney's Toontown Online.lnk
Execute Program: C:\Program Files\Disney\Disney Online\Toontown_Wanadoo\Configrc.exe -uninstall_activex
File Tree: C:\Program Files\Disney\Disney Online\Toontown_Wanadoo\phase_2\
File Tree: C:\Program Files\Disney\Disney Online\Toontown_Wanadoo\phase_3\
File Tree: C:\Program Files\Disney\Disney Online\Toontown_Wanadoo\phase_4\
File Tree: C:\Program Files\Disney\Disney Online\Toontown_Wanadoo\phase_5\
File Tree: C:\Program Files\Disney\Disney Online\Toontown_Wanadoo\phase_6\
File Tree: C:\Program Files\Disney\Disney Online\Toontown_Wanadoo\phase_7\
File Tree: C:\Program Files\Disney\Disney Online\Toontown_Wanadoo\phase_8\
File Tree: C:\Program Files\Disney\Disney Online\Toontown_Wanadoo\maps\
File Tree: C:\Program Files\Disney\Disney Online\Toontown_Wanadoo\db\
File Tree: C:\Program Files\Disney\Disney Online\Toontown_Wanadoo\mf\
File Tree: C:\Program Files\Disney\Disney Online\Toontown_Wanadoo\*.*
File Tree: C:\users\parkerhanegan\Temp\ToontownInstaller*.log
RegDB Tree: SOFTWARE\Disney\Disney Online\Toontown_Wanadoo
RegDB Root: 2
RegDB Key: Software\Disney\Disney Online\Toontown_Wanadoo
RegDB Val: WanadooFR
RegDB Name: DEPLOYMENT
RegDB Root: 2
RegDB Key: Software\Disney\Disney Online\Toontown_Wanadoo
RegDB Val: 1
RegDB Name: GAME2_DONE
RegDB Root: 2
User Rights: Admin
