***  Installation Started 01/18/2009 19:32  ***
Title: Disneys Toontown Online Installation
Source: C:\Program Files\Disney\Disney Online\Toontown_FR\InstallLauncher.exe
File Copy: C:\Program Files\Disney\Disney Online\Toontown_FR\UNWISE.EXE
File Copy: C:\Program Files\Disney\Disney Online\Toontown_FR\UNWISE.INI
File Copy: C:\Program Files\Disney\Disney Online\Toontown_FR\Configrc.exe
File Copy: C:\Program Files\Disney\Disney Online\Toontown_FR\libdtool.dll
File Copy: C:\Program Files\Disney\Disney Online\Toontown_FR\libdtoolconfig.dll
File Copy: C:\Program Files\Disney\Disney Online\Toontown_FR\libheapq.dll
File Copy: C:\Program Files\Disney\Disney Online\Toontown_FR\libpandaexpress.dll
File Copy: C:\Program Files\Disney\Disney Online\Toontown_FR\msvcp71.dll
File Copy: C:\Program Files\Disney\Disney Online\Toontown_FR\msvcr71.dll
File Copy: C:\Program Files\Disney\Disney Online\Toontown_FR\PlayToontown.url
File Copy: C:\Program Files\Disney\Disney Online\Toontown_FR\PlayToontownTest.url
File Copy: C:\Program Files\Disney\Disney Online\Toontown_FR\python24.dll
File Copy: C:\Program Files\Disney\Disney Online\Toontown_FR\pywintypes24.dll
File Copy: C:\Program Files\Disney\Disney Online\Toontown_FR\Toontown.exe
File Copy: C:\Program Files\Disney\Disney Online\Toontown_FR\toontown.ico
File Copy: C:\Program Files\Disney\Disney Online\Toontown_FR\Toontown.url
File Copy: C:\Program Files\Disney\Disney Online\Toontown_FR\ToontownTest.url
File Copy: C:\Program Files\Disney\Disney Online\Toontown_FR\win32api.pyd
File Copy: C:\Program Files\Disney\Disney Online\Toontown_FR\zlib.pyd
File Copy: C:\Program Files\Disney\Disney Online\Toontown_FR\_ctypes.pyd
File Copy: C:\Program Files\Disney\Disney Online\Toontown_FR\_socket.pyd
RegDB Key: Software\Disney\Disney Online\Toontown_FR
RegDB Val: 1
RegDB Name: LAUNCHER_EXTRACTED
RegDB Root: 1
Made Dir: C:\Users\ElLiOtG\AppData\Roaming\Microsoft\Windows\Start Menu\Programs\Disney's Toontown Online
Shell Link: C:\Users\ElLiOtG\AppData\Roaming\Microsoft\Windows\Start Menu\Programs\Disney's Toontown Online\Jeu Toontown.lnk
Shell Link: C:\Users\ElLiOtG\AppData\Roaming\Microsoft\Windows\Start Menu\Programs\Disney's Toontown Online\Uninstall.lnk
Shell Link: C:\Users\ElLiOtG\Desktop\Disney's Toontown Online.lnk
Execute Program: C:\Program Files\Disney\Disney Online\Toontown_FR\Configrc.exe -uninstall_activex
Execute Program: C:\Program Files\Disney\Disney Online\Toontown_FR\uninst.exe
File Tree: C:\Program Files\Disney\Disney Online\Toontown_FR\phase_2\
File Tree: C:\Program Files\Disney\Disney Online\Toontown_FR\phase_3\
File Tree: C:\Program Files\Disney\Disney Online\Toontown_FR\phase_4\
File Tree: C:\Program Files\Disney\Disney Online\Toontown_FR\phase_5\
File Tree: C:\Program Files\Disney\Disney Online\Toontown_FR\phase_6\
File Tree: C:\Program Files\Disney\Disney Online\Toontown_FR\phase_7\
File Tree: C:\Program Files\Disney\Disney Online\Toontown_FR\phase_8\
File Tree: C:\Program Files\Disney\Disney Online\Toontown_FR\maps\
File Tree: C:\Program Files\Disney\Disney Online\Toontown_FR\db\
File Tree: C:\Program Files\Disney\Disney Online\Toontown_FR\mf\
File Tree: C:\Program Files\Disney\Disney Online\Toontown_FR\*.*
File Tree: C:\Users\ElLiOtG\AppData\Local\Temp\ToontownInstaller*.log
RegDB Tree: SOFTWARE\Disney\Disney Online\Toontown_FR
RegDB Root: 2
L'accès pour effectuer les modifications requises sur la configuration du système vous a été refusé. Veuillez recommencer l'installation depuis un compte d'administrateur.
***  Installation Started 01/18/2009 19:36  ***
Title: Disneys Toontown Online Installation
Source: C:\Program Files\Disney\Disney Online\Toontown_FR\InstallLauncher.exe
File Overwrite: C:\Program Files\Disney\Disney Online\Toontown_FR\UNWISE.EXE
File Overwrite: C:\Program Files\Disney\Disney Online\Toontown_FR\UNWISE.INI
File Overwrite: C:\Program Files\Disney\Disney Online\Toontown_FR\Configrc.exe
File Overwrite: C:\Program Files\Disney\Disney Online\Toontown_FR\libdtool.dll
File Overwrite: C:\Program Files\Disney\Disney Online\Toontown_FR\libdtoolconfig.dll
File Overwrite: C:\Program Files\Disney\Disney Online\Toontown_FR\libheapq.dll
File Overwrite: C:\Program Files\Disney\Disney Online\Toontown_FR\libpandaexpress.dll
File Overwrite: C:\Program Files\Disney\Disney Online\Toontown_FR\msvcp71.dll
File Overwrite: C:\Program Files\Disney\Disney Online\Toontown_FR\msvcr71.dll
File Overwrite: C:\Program Files\Disney\Disney Online\Toontown_FR\PlayToontown.url
File Overwrite: C:\Program Files\Disney\Disney Online\Toontown_FR\PlayToontownTest.url
File Overwrite: C:\Program Files\Disney\Disney Online\Toontown_FR\python24.dll
File Overwrite: C:\Program Files\Disney\Disney Online\Toontown_FR\pywintypes24.dll
File Overwrite: C:\Program Files\Disney\Disney Online\Toontown_FR\Toontown.exe
File Overwrite: C:\Program Files\Disney\Disney Online\Toontown_FR\toontown.ico
File Overwrite: C:\Program Files\Disney\Disney Online\Toontown_FR\Toontown.url
File Overwrite: C:\Program Files\Disney\Disney Online\Toontown_FR\ToontownTest.url
File Overwrite: C:\Program Files\Disney\Disney Online\Toontown_FR\win32api.pyd
File Overwrite: C:\Program Files\Disney\Disney Online\Toontown_FR\zlib.pyd
File Overwrite: C:\Program Files\Disney\Disney Online\Toontown_FR\_ctypes.pyd
File Overwrite: C:\Program Files\Disney\Disney Online\Toontown_FR\_socket.pyd
RegDB Key: Software\Disney\Disney Online\Toontown_FR
RegDB Val: 1
RegDB Name: LAUNCHER_EXTRACTED
RegDB Type: 3
RegDB Root: 1
RegDB Old: 1
Shell Link: C:\Users\ElLiOtG\AppData\Roaming\Microsoft\Windows\Start Menu\Programs\Disney's Toontown Online\Jeu Toontown.lnk
Shell Link: C:\Users\ElLiOtG\AppData\Roaming\Microsoft\Windows\Start Menu\Programs\Disney's Toontown Online\Uninstall.lnk
Shell Link: C:\Users\ElLiOtG\Desktop\Disney's Toontown Online.lnk
Execute Program: C:\Program Files\Disney\Disney Online\Toontown_FR\Configrc.exe -uninstall_activex
Execute Program: C:\Program Files\Disney\Disney Online\Toontown_FR\uninst.exe
File Tree: C:\Program Files\Disney\Disney Online\Toontown_FR\phase_2\
File Tree: C:\Program Files\Disney\Disney Online\Toontown_FR\phase_3\
File Tree: C:\Program Files\Disney\Disney Online\Toontown_FR\phase_4\
File Tree: C:\Program Files\Disney\Disney Online\Toontown_FR\phase_5\
File Tree: C:\Program Files\Disney\Disney Online\Toontown_FR\phase_6\
File Tree: C:\Program Files\Disney\Disney Online\Toontown_FR\phase_7\
File Tree: C:\Program Files\Disney\Disney Online\Toontown_FR\phase_8\
File Tree: C:\Program Files\Disney\Disney Online\Toontown_FR\maps\
File Tree: C:\Program Files\Disney\Disney Online\Toontown_FR\db\
File Tree: C:\Program Files\Disney\Disney Online\Toontown_FR\mf\
File Tree: C:\Program Files\Disney\Disney Online\Toontown_FR\*.*
File Tree: C:\Users\ElLiOtG\AppData\Local\Temp\ToontownInstaller*.log
RegDB Tree: SOFTWARE\Disney\Disney Online\Toontown_FR
RegDB Root: 2
L'accès pour effectuer les modifications requises sur la configuration du système vous a été refusé. Veuillez recommencer l'installation depuis un compte d'administrateur.
***  Installation Started 01/18/2009 19:36  ***
Title: Disneys Toontown Online Installation
Source: C:\Program Files\Disney\Disney Online\Toontown_FR\InstallLauncher.exe
File Overwrite: C:\Program Files\Disney\Disney Online\Toontown_FR\UNWISE.EXE
File Overwrite: C:\Program Files\Disney\Disney Online\Toontown_FR\UNWISE.INI
File Overwrite: C:\Program Files\Disney\Disney Online\Toontown_FR\Configrc.exe
File Overwrite: C:\Program Files\Disney\Disney Online\Toontown_FR\libdtool.dll
File Overwrite: C:\Program Files\Disney\Disney Online\Toontown_FR\libdtoolconfig.dll
File Overwrite: C:\Program Files\Disney\Disney Online\Toontown_FR\libheapq.dll
File Overwrite: C:\Program Files\Disney\Disney Online\Toontown_FR\libpandaexpress.dll
File Overwrite: C:\Program Files\Disney\Disney Online\Toontown_FR\msvcp71.dll
File Overwrite: C:\Program Files\Disney\Disney Online\Toontown_FR\msvcr71.dll
File Overwrite: C:\Program Files\Disney\Disney Online\Toontown_FR\PlayToontown.url
File Overwrite: C:\Program Files\Disney\Disney Online\Toontown_FR\PlayToontownTest.url
File Overwrite: C:\Program Files\Disney\Disney Online\Toontown_FR\python24.dll
File Overwrite: C:\Program Files\Disney\Disney Online\Toontown_FR\pywintypes24.dll
File Overwrite: C:\Program Files\Disney\Disney Online\Toontown_FR\Toontown.exe
File Overwrite: C:\Program Files\Disney\Disney Online\Toontown_FR\toontown.ico
File Overwrite: C:\Program Files\Disney\Disney Online\Toontown_FR\Toontown.url
File Overwrite: C:\Program Files\Disney\Disney Online\Toontown_FR\ToontownTest.url
File Overwrite: C:\Program Files\Disney\Disney Online\Toontown_FR\win32api.pyd
File Overwrite: C:\Program Files\Disney\Disney Online\Toontown_FR\zlib.pyd
File Overwrite: C:\Program Files\Disney\Disney Online\Toontown_FR\_ctypes.pyd
File Overwrite: C:\Program Files\Disney\Disney Online\Toontown_FR\_socket.pyd
RegDB Key: Software\Disney\Disney Online\Toontown_FR
RegDB Val: 1
RegDB Name: LAUNCHER_EXTRACTED
RegDB Type: 3
RegDB Root: 1
RegDB Old: 1
Shell Link: C:\Users\ElLiOtG\AppData\Roaming\Microsoft\Windows\Start Menu\Programs\Disney's Toontown Online\Jeu Toontown.lnk
Shell Link: C:\Users\ElLiOtG\AppData\Roaming\Microsoft\Windows\Start Menu\Programs\Disney's Toontown Online\Uninstall.lnk
Shell Link: C:\Users\ElLiOtG\Desktop\Disney's Toontown Online.lnk
Execute Program: C:\Program Files\Disney\Disney Online\Toontown_FR\Configrc.exe -uninstall_activex
Execute Program: C:\Program Files\Disney\Disney Online\Toontown_FR\uninst.exe
File Tree: C:\Program Files\Disney\Disney Online\Toontown_FR\phase_2\
File Tree: C:\Program Files\Disney\Disney Online\Toontown_FR\phase_3\
File Tree: C:\Program Files\Disney\Disney Online\Toontown_FR\phase_4\
File Tree: C:\Program Files\Disney\Disney Online\Toontown_FR\phase_5\
File Tree: C:\Program Files\Disney\Disney Online\Toontown_FR\phase_6\
File Tree: C:\Program Files\Disney\Disney Online\Toontown_FR\phase_7\
File Tree: C:\Program Files\Disney\Disney Online\Toontown_FR\phase_8\
File Tree: C:\Program Files\Disney\Disney Online\Toontown_FR\maps\
File Tree: C:\Program Files\Disney\Disney Online\Toontown_FR\db\
File Tree: C:\Program Files\Disney\Disney Online\Toontown_FR\mf\
File Tree: C:\Program Files\Disney\Disney Online\Toontown_FR\*.*
File Tree: C:\Users\ElLiOtG\AppData\Local\Temp\ToontownInstaller*.log
RegDB Tree: SOFTWARE\Disney\Disney Online\Toontown_FR
RegDB Root: 2
L'accès pour effectuer les modifications requises sur la configuration du système vous a été refusé. Veuillez recommencer l'installation depuis un compte d'administrateur.
***  Installation Started 01/18/2009 19:37  ***
Title: Disneys Toontown Online Installation
Source: C:\Program Files\Disney\Disney Online\Toontown_FR\InstallLauncher.exe
File Overwrite: C:\Program Files\Disney\Disney Online\Toontown_FR\UNWISE.EXE
File Overwrite: C:\Program Files\Disney\Disney Online\Toontown_FR\UNWISE.INI
RegDB Key: Software\Microsoft\Windows\CurrentVersion\Uninstall\Disney's Toontown Online FR
RegDB Val: Disney's Toontown Online FR
RegDB Name: DisplayName
RegDB Root: 2
RegDB Key: Software\Microsoft\Windows\CurrentVersion\Uninstall\Disney's Toontown Online FR
RegDB Val: C:\PROGRA~1\Disney\DISNEY~1\TOONTO~1\UNWISE.EXE /A C:\PROGRA~1\Disney\DISNEY~1\TOONTO~1\INSTALL.LOG
RegDB Name: UninstallString
RegDB Root: 2
RegDB Key: Software\Microsoft\Windows\CurrentVersion\Uninstall\Disney's Toontown Online FR
RegDB Val: Walt Disney Co.
RegDB Name: Publisher
RegDB Root: 2
RegDB Key: Software\Microsoft\Windows\CurrentVersion\Uninstall\Disney's Toontown Online FR
RegDB Val: C:\Program Files\Disney\Disney Online\Toontown_FR\toontown.ico
RegDB Name: DisplayIcon
RegDB Root: 2
RegDB Key: Software\Microsoft\Windows\CurrentVersion\Uninstall\Disney's Toontown Online FR
RegDB Val: 1
RegDB Name: NoModify
RegDB Root: 2
File Overwrite: C:\Program Files\Disney\Disney Online\Toontown_FR\Configrc.exe
File Overwrite: C:\Program Files\Disney\Disney Online\Toontown_FR\libdtool.dll
File Overwrite: C:\Program Files\Disney\Disney Online\Toontown_FR\libdtoolconfig.dll
File Overwrite: C:\Program Files\Disney\Disney Online\Toontown_FR\libheapq.dll
File Overwrite: C:\Program Files\Disney\Disney Online\Toontown_FR\libpandaexpress.dll
File Overwrite: C:\Program Files\Disney\Disney Online\Toontown_FR\msvcp71.dll
File Overwrite: C:\Program Files\Disney\Disney Online\Toontown_FR\msvcr71.dll
File Overwrite: C:\Program Files\Disney\Disney Online\Toontown_FR\PlayToontown.url
File Overwrite: C:\Program Files\Disney\Disney Online\Toontown_FR\PlayToontownTest.url
File Overwrite: C:\Program Files\Disney\Disney Online\Toontown_FR\python24.dll
File Overwrite: C:\Program Files\Disney\Disney Online\Toontown_FR\pywintypes24.dll
File Overwrite: C:\Program Files\Disney\Disney Online\Toontown_FR\Toontown.exe
File Overwrite: C:\Program Files\Disney\Disney Online\Toontown_FR\toontown.ico
File Overwrite: C:\Program Files\Disney\Disney Online\Toontown_FR\Toontown.url
File Overwrite: C:\Program Files\Disney\Disney Online\Toontown_FR\ToontownTest.url
File Overwrite: C:\Program Files\Disney\Disney Online\Toontown_FR\win32api.pyd
File Overwrite: C:\Program Files\Disney\Disney Online\Toontown_FR\zlib.pyd
File Overwrite: C:\Program Files\Disney\Disney Online\Toontown_FR\_ctypes.pyd
File Overwrite: C:\Program Files\Disney\Disney Online\Toontown_FR\_socket.pyd
RegDB Key: Software\Disney\Disney Online\Toontown_FR
RegDB Val: 1
RegDB Name: LAUNCHER_EXTRACTED
RegDB Type: 3
RegDB Root: 1
RegDB Old: 1
Shell Link: C:\Users\ElLiOtG\AppData\Roaming\Microsoft\Windows\Start Menu\Programs\Disney's Toontown Online\Jeu Toontown.lnk
Shell Link: C:\Users\ElLiOtG\AppData\Roaming\Microsoft\Windows\Start Menu\Programs\Disney's Toontown Online\Uninstall.lnk
Shell Link: C:\Users\ElLiOtG\Desktop\Disney's Toontown Online.lnk
Execute Program: C:\Program Files\Disney\Disney Online\Toontown_FR\Configrc.exe -uninstall_activex
Execute Program: C:\Program Files\Disney\Disney Online\Toontown_FR\uninst.exe
File Tree: C:\Program Files\Disney\Disney Online\Toontown_FR\phase_2\
File Tree: C:\Program Files\Disney\Disney Online\Toontown_FR\phase_3\
File Tree: C:\Program Files\Disney\Disney Online\Toontown_FR\phase_4\
File Tree: C:\Program Files\Disney\Disney Online\Toontown_FR\phase_5\
File Tree: C:\Program Files\Disney\Disney Online\Toontown_FR\phase_6\
File Tree: C:\Program Files\Disney\Disney Online\Toontown_FR\phase_7\
File Tree: C:\Program Files\Disney\Disney Online\Toontown_FR\phase_8\
File Tree: C:\Program Files\Disney\Disney Online\Toontown_FR\maps\
File Tree: C:\Program Files\Disney\Disney Online\Toontown_FR\db\
File Tree: C:\Program Files\Disney\Disney Online\Toontown_FR\mf\
File Tree: C:\Program Files\Disney\Disney Online\Toontown_FR\*.*
File Tree: C:\Users\ElLiOtG\AppData\Local\Temp\ToontownInstaller*.log
RegDB Tree: SOFTWARE\Disney\Disney Online\Toontown_FR
RegDB Root: 2
RegDB Key: Software\Microsoft\Windows\CurrentVersion\Uninstall\Disney's Toontown Online FR
RegDB Val: http://www.disney.fr/toontown/
RegDB Name: URLInfoAbout
RegDB Root: 2
User Rights: Admin
***  Installation Started 01/18/2009 19:37  ***
Title: Disneys Toontown Online Installation
Source: C:\Program Files\Disney\Disney Online\Toontown_FR\InstallLauncher.exe
File Overwrite: C:\Program Files\Disney\Disney Online\Toontown_FR\UNWISE.EXE
File Overwrite: C:\Program Files\Disney\Disney Online\Toontown_FR\UNWISE.INI
RegDB Key: Software\Microsoft\Windows\CurrentVersion\Uninstall\Disney's Toontown Online FR
RegDB Val: Disney's Toontown Online FR
RegDB Name: DisplayName
RegDB Root: 2
RegDB Old: Disney's Toontown Online FR
RegDB Key: Software\Microsoft\Windows\CurrentVersion\Uninstall\Disney's Toontown Online FR
RegDB Val: C:\PROGRA~1\Disney\DISNEY~1\TOONTO~1\UNWISE.EXE /A C:\PROGRA~1\Disney\DISNEY~1\TOONTO~1\INSTALL.LOG
RegDB Name: UninstallString
RegDB Root: 2
RegDB Old: C:\PROGRA~1\Disney\DISNEY~1\TOONTO~1\UNWISE.EXE /A C:\PROGRA~1\Disney\DISNEY~1\TOONTO~1\INSTALL.LOG
RegDB Key: Software\Microsoft\Windows\CurrentVersion\Uninstall\Disney's Toontown Online FR
RegDB Val: Walt Disney Co.
RegDB Name: Publisher
RegDB Root: 2
RegDB Old: Walt Disney Co.
RegDB Key: Software\Microsoft\Windows\CurrentVersion\Uninstall\Disney's Toontown Online FR
RegDB Val: C:\Program Files\Disney\Disney Online\Toontown_FR\toontown.ico
RegDB Name: DisplayIcon
RegDB Root: 2
RegDB Old: C:\Program Files\Disney\Disney Online\Toontown_FR\toontown.ico
RegDB Key: Software\Microsoft\Windows\CurrentVersion\Uninstall\Disney's Toontown Online FR
RegDB Val: 1
RegDB Name: NoModify
RegDB Type: 3
RegDB Root: 2
RegDB Old: 1
File Overwrite: C:\Program Files\Disney\Disney Online\Toontown_FR\Configrc.exe
File Overwrite: C:\Program Files\Disney\Disney Online\Toontown_FR\libdtool.dll
File Overwrite: C:\Program Files\Disney\Disney Online\Toontown_FR\libdtoolconfig.dll
File Overwrite: C:\Program Files\Disney\Disney Online\Toontown_FR\libheapq.dll
File Overwrite: C:\Program Files\Disney\Disney Online\Toontown_FR\libpandaexpress.dll
File Overwrite: C:\Program Files\Disney\Disney Online\Toontown_FR\msvcp71.dll
File Overwrite: C:\Program Files\Disney\Disney Online\Toontown_FR\msvcr71.dll
File Overwrite: C:\Program Files\Disney\Disney Online\Toontown_FR\PlayToontown.url
File Overwrite: C:\Program Files\Disney\Disney Online\Toontown_FR\PlayToontownTest.url
File Overwrite: C:\Program Files\Disney\Disney Online\Toontown_FR\python24.dll
File Overwrite: C:\Program Files\Disney\Disney Online\Toontown_FR\pywintypes24.dll
File Overwrite: C:\Program Files\Disney\Disney Online\Toontown_FR\Toontown.exe
File Overwrite: C:\Program Files\Disney\Disney Online\Toontown_FR\toontown.ico
File Overwrite: C:\Program Files\Disney\Disney Online\Toontown_FR\Toontown.url
File Overwrite: C:\Program Files\Disney\Disney Online\Toontown_FR\ToontownTest.url
File Overwrite: C:\Program Files\Disney\Disney Online\Toontown_FR\win32api.pyd
File Overwrite: C:\Program Files\Disney\Disney Online\Toontown_FR\zlib.pyd
File Overwrite: C:\Program Files\Disney\Disney Online\Toontown_FR\_ctypes.pyd
File Overwrite: C:\Program Files\Disney\Disney Online\Toontown_FR\_socket.pyd
RegDB Key: Software\Disney\Disney Online\Toontown_FR
RegDB Val: 1
RegDB Name: LAUNCHER_EXTRACTED
RegDB Type: 3
RegDB Root: 1
RegDB Old: 1
Shell Link: C:\Users\ElLiOtG\AppData\Roaming\Microsoft\Windows\Start Menu\Programs\Disney's Toontown Online\Jeu Toontown.lnk
Shell Link: C:\Users\ElLiOtG\AppData\Roaming\Microsoft\Windows\Start Menu\Programs\Disney's Toontown Online\Uninstall.lnk
Shell Link: C:\Users\ElLiOtG\Desktop\Disney's Toontown Online.lnk
Execute Program: C:\Program Files\Disney\Disney Online\Toontown_FR\Configrc.exe -uninstall_activex
Execute Program: C:\Program Files\Disney\Disney Online\Toontown_FR\uninst.exe
File Tree: C:\Program Files\Disney\Disney Online\Toontown_FR\phase_2\
File Tree: C:\Program Files\Disney\Disney Online\Toontown_FR\phase_3\
File Tree: C:\Program Files\Disney\Disney Online\Toontown_FR\phase_4\
File Tree: C:\Program Files\Disney\Disney Online\Toontown_FR\phase_5\
File Tree: C:\Program Files\Disney\Disney Online\Toontown_FR\phase_6\
File Tree: C:\Program Files\Disney\Disney Online\Toontown_FR\phase_7\
File Tree: C:\Program Files\Disney\Disney Online\Toontown_FR\phase_8\
File Tree: C:\Program Files\Disney\Disney Online\Toontown_FR\maps\
File Tree: C:\Program Files\Disney\Disney Online\Toontown_FR\db\
File Tree: C:\Program Files\Disney\Disney Online\Toontown_FR\mf\
File Tree: C:\Program Files\Disney\Disney Online\Toontown_FR\*.*
File Tree: C:\Users\ElLiOtG\AppData\Local\Temp\ToontownInstaller*.log
RegDB Tree: SOFTWARE\Disney\Disney Online\Toontown_FR
RegDB Root: 2
RegDB Key: Software\Microsoft\Windows\CurrentVersion\Uninstall\Disney's Toontown Online FR
RegDB Val: http://www.disney.fr/toontown/
RegDB Name: URLInfoAbout
RegDB Root: 2
RegDB Old: http://www.disney.fr/toontown/
User Rights: Admin
***  Installation Started 01/18/2009 19:39  ***
Title: Disneys Toontown Online Installation
Source: C:\Program Files\Disney\Disney Online\Toontown_FR\InstallLauncher.exe
File Overwrite: C:\Program Files\Disney\Disney Online\Toontown_FR\UNWISE.EXE
File Overwrite: C:\Program Files\Disney\Disney Online\Toontown_FR\UNWISE.INI
File Overwrite: C:\Program Files\Disney\Disney Online\Toontown_FR\Configrc.exe
File Overwrite: C:\Program Files\Disney\Disney Online\Toontown_FR\libdtool.dll
File Overwrite: C:\Program Files\Disney\Disney Online\Toontown_FR\libdtoolconfig.dll
File Overwrite: C:\Program Files\Disney\Disney Online\Toontown_FR\libheapq.dll
File Overwrite: C:\Program Files\Disney\Disney Online\Toontown_FR\libpandaexpress.dll
File Overwrite: C:\Program Files\Disney\Disney Online\Toontown_FR\msvcp71.dll
File Overwrite: C:\Program Files\Disney\Disney Online\Toontown_FR\msvcr71.dll
File Overwrite: C:\Program Files\Disney\Disney Online\Toontown_FR\PlayToontown.url
File Overwrite: C:\Program Files\Disney\Disney Online\Toontown_FR\PlayToontownTest.url
File Overwrite: C:\Program Files\Disney\Disney Online\Toontown_FR\python24.dll
File Overwrite: C:\Program Files\Disney\Disney Online\Toontown_FR\pywintypes24.dll
File Overwrite: C:\Program Files\Disney\Disney Online\Toontown_FR\Toontown.exe
File Overwrite: C:\Program Files\Disney\Disney Online\Toontown_FR\toontown.ico
File Overwrite: C:\Program Files\Disney\Disney Online\Toontown_FR\Toontown.url
File Overwrite: C:\Program Files\Disney\Disney Online\Toontown_FR\ToontownTest.url
File Overwrite: C:\Program Files\Disney\Disney Online\Toontown_FR\win32api.pyd
File Overwrite: C:\Program Files\Disney\Disney Online\Toontown_FR\zlib.pyd
File Overwrite: C:\Program Files\Disney\Disney Online\Toontown_FR\_ctypes.pyd
File Overwrite: C:\Program Files\Disney\Disney Online\Toontown_FR\_socket.pyd
RegDB Key: Software\Disney\Disney Online\Toontown_FR
RegDB Val: 1
RegDB Name: LAUNCHER_EXTRACTED
RegDB Root: 1
Shell Link: C:\Users\ElLiOtG\AppData\Roaming\Microsoft\Windows\Start Menu\Programs\Disney's Toontown Online\Jeu Toontown.lnk
Shell Link: C:\Users\ElLiOtG\AppData\Roaming\Microsoft\Windows\Start Menu\Programs\Disney's Toontown Online\Uninstall.lnk
Shell Link: C:\Users\ElLiOtG\Desktop\Disney's Toontown Online.lnk
Execute Program: C:\Program Files\Disney\Disney Online\Toontown_FR\Configrc.exe -uninstall_activex
Execute Program: C:\Program Files\Disney\Disney Online\Toontown_FR\uninst.exe
File Tree: C:\Program Files\Disney\Disney Online\Toontown_FR\phase_2\
File Tree: C:\Program Files\Disney\Disney Online\Toontown_FR\phase_3\
File Tree: C:\Program Files\Disney\Disney Online\Toontown_FR\phase_4\
File Tree: C:\Program Files\Disney\Disney Online\Toontown_FR\phase_5\
File Tree: C:\Program Files\Disney\Disney Online\Toontown_FR\phase_6\
File Tree: C:\Program Files\Disney\Disney Online\Toontown_FR\phase_7\
File Tree: C:\Program Files\Disney\Disney Online\Toontown_FR\phase_8\
File Tree: C:\Program Files\Disney\Disney Online\Toontown_FR\maps\
File Tree: C:\Program Files\Disney\Disney Online\Toontown_FR\db\
File Tree: C:\Program Files\Disney\Disney Online\Toontown_FR\mf\
File Tree: C:\Program Files\Disney\Disney Online\Toontown_FR\*.*
File Tree: C:\Users\ElLiOtG\AppData\Local\Temp\ToontownInstaller*.log
RegDB Tree: SOFTWARE\Disney\Disney Online\Toontown_FR
RegDB Root: 2
L'accès pour effectuer les modifications requises sur la configuration du système vous a été refusé. Veuillez recommencer l'installation depuis un compte d'administrateur.
