=====Log Open
CHECKING CPU...
CPU speed: 2594 Mhz
NumProcessors: 8
CPU vendor code: Intel
CPU vendor name: GenuineIntel
CPU name: Intel(R) Core(TM) i7-3720QM CPU @ 2.60GHz
CPU type: unknown
CPU level: 6
CPU features: MMX, MMX Extensions, SSE, SSE FP, SSE2, 
CHECKING OS...
Microsoft Windows Longhorn OS (Newer than WinXP) Professional  (Build 9200)
User has NT Admin privileges
IE Ver: 9.10.9200.16599
Mouse detected
CHECKING RAM...
RAM: Total: 8098.70 MB, Free: 6417.57 MB, Utilization: 20%
CHEKING VIDEO RAM...
VRAM: Total: 4045 MB
CHECKING DISK SPACE...
Free Disk Space: 1020 MB
CHECKING 3D HARDWARE...
installed DX VerStr: 4.09.00.0904
DX Level Installed: DX 9.0
Detected DX Card[0]: NVIDIA GeForce GT 650M
Driver Version: (9.18.13.637) Date: (6/16/2013) DriverName: nvd3dumx.dll,nvwgf2umx.dll,nvwgf2umx.dll,nvd3dum,nvwgf2um,nvwgf2um; VendorID: 0x000010DE; DeviceID: 0x00000FD5; SubsysID: 0x00F2106B; Revision: 0x000000A1
Suggested GfxApi: DX 9.0
CHECKING SOUND... Removed
Keyboard Layout: A0000409 LangID: 0x0x0409 Locale ID: 0x0x0409
CHECKING NET CONNECTION...
IP Addr: 192.168.1.136
MAC Address: 14-10-9F-DB-5D-2D
IP Addr: 0.0.0.0
ignoring IP Addr
MAC Address: 00-26-37-BD-39-42
IP Addr: 0.0.0.0
ignoring IP Addr
MAC Address: 00-FF-5E-B5-10-EE
IP Addr: 0.0.0.0
ignoring IP Addr
MAC Address: 14-10-9F-DB-5D-2D
IP Addr: 0.0.0.0
ignoring IP Addr
MAC Address: 14-10-9F-DB-5D-2E
IP Addr: 25.176.99.33
MAC Address: 7A-79-19-B0-63-21
Internet connection is through a LAN
Microsoft Windows Longhorn OS (Newer than WinXP) Professional  (Build 9200)
User has NT Admin privileges
found potentially conflicting installed program: Minecraft Note Block Studio version 3.1.3
Trying To Start Splash and Sefl Path
-------->[WEB1] Setting Url To res://C:\Program Files (x86)\Disney\Disney Online\ToontownOnline\ToontownLauncher.exe/157
-------->[WEB2] Setting Url To res://C:\Program Files (x86)\Disney\Disney Online\ToontownOnline\ToontownLauncher.exe/157
-------->[WEB3] Setting Url To res://C:\Program Files (x86)\Disney\Disney Online\ToontownOnline\ToontownLauncher.exe/157
****Found Command line  Varable []
-------->[WEB1] Setting Url To http://toontown.go.com/content/en/launcher/live/news/
Detail Rule [38439966 8d8f1c4e4b7410458c596c9339d57990]
Detail Rule [22771969 ab7f06f1b5f9f7bfaefbe1f0c68c8110]
Detail Rule [7347677 de46228dcbbf2b7b402efde1177997ae]
Detail Rule [77718205 3894e9891a0ee58b44bc57c50a6f8123]
Detail Rule [37877401 48afe01180ab0d24cfe976e3a8215621]
Detail Rule [37625122 f3f6e3a96d0176245a5780bef7d3691e]
Detail Rule [9663157 768fe861f0fbe11cec07408ebbffdb85]
Detail Rule [29430644 63aee39e4fcd07a954c9cbdfd4c0fd69]
Detail Rule [305256 f6eb3d6796582a0e72847a3537741758]
Detail Rule [17516498 9fa0280ecb7e1fa26bd3a12d5db8d369]
Detail Rule [7216258 28c5766200d72ec5ddaa0d98c73e190d]
Detail Rule [3483147 f3be303a23819ad26257e5bd9140c60c]
Detail Rule [2827958 34f1122e70ac44adf6024e9957586239]
Detail Rule [5289389 2866bba578aa248ce9cad8db3f620d7d]
Detail Rule [5350214 57e67b6d0f779f4cf1ec95d2db9ecb8a]
Detail Rule [38439966 8d8f1c4e4b7410458c596c9339d57990]
Detail Rule [22771969 ab7f06f1b5f9f7bfaefbe1f0c68c8110]
Detail Rule [7347677 de46228dcbbf2b7b402efde1177997ae]
Detail Rule [77718205 3894e9891a0ee58b44bc57c50a6f8123]
Detail Rule [37877401 48afe01180ab0d24cfe976e3a8215621]
Detail Rule [37625122 f3f6e3a96d0176245a5780bef7d3691e]
Detail Rule [9663157 768fe861f0fbe11cec07408ebbffdb85]
Detail Rule [29430644 63aee39e4fcd07a954c9cbdfd4c0fd69]
Detail Rule [305256 f6eb3d6796582a0e72847a3537741758]
Detail Rule [17516498 9fa0280ecb7e1fa26bd3a12d5db8d369]
Detail Rule [7216258 28c5766200d72ec5ddaa0d98c73e190d]
Detail Rule [3483147 f3be303a23819ad26257e5bd9140c60c]
Detail Rule [2827958 34f1122e70ac44adf6024e9957586239]
Detail Rule [5289389 2866bba578aa248ce9cad8db3f620d7d]
Detail Rule [5350214 57e67b6d0f779f4cf1ec95d2db9ecb8a]
Looking For FileC:\Program Files (x86)\Disney\Disney Online\ToontownOnline\phase_1.mf
Looking For FileC:\Program Files (x86)\Disney\Disney Online\ToontownOnline\phase_2.mf
Looking For FileC:\Program Files (x86)\Disney\Disney Online\ToontownOnline\phase_3.mf
Looking For FileC:\Program Files (x86)\Disney\Disney Online\ToontownOnline\phase_3.5.mf
Looking For FileC:\Program Files (x86)\Disney\Disney Online\ToontownOnline\phase_4.mf
Looking For FileC:\Program Files (x86)\Disney\Disney Online\ToontownOnline\phase_5.mf
Looking For FileC:\Program Files (x86)\Disney\Disney Online\ToontownOnline\phase_5.5.mf
Looking For FileC:\Program Files (x86)\Disney\Disney Online\ToontownOnline\phase_6.mf
Looking For FileC:\Program Files (x86)\Disney\Disney Online\ToontownOnline\phase_7.mf
Looking For FileC:\Program Files (x86)\Disney\Disney Online\ToontownOnline\phase_8.mf
Looking For FileC:\Program Files (x86)\Disney\Disney Online\ToontownOnline\phase_9.mf
Looking For FileC:\Program Files (x86)\Disney\Disney Online\ToontownOnline\phase_10.mf
Looking For FileC:\Program Files (x86)\Disney\Disney Online\ToontownOnline\phase_11.mf
Looking For FileC:\Program Files (x86)\Disney\Disney Online\ToontownOnline\phase_12.mf
Looking For FileC:\Program Files (x86)\Disney\Disney Online\ToontownOnline\phase_13.mf
-------->[WEB1] Setting Url To res://C:\Program Files (x86)\Disney\Disney Online\ToontownOnline\ToontownLauncher.exe/157
-------->[WEB3] Setting Url To http://disney.go.com/toontown/launcher/live/install/LoadMoviePC.html
Detail Rule [38439966 8d8f1c4e4b7410458c596c9339d57990]
Detail Rule [22771969 ab7f06f1b5f9f7bfaefbe1f0c68c8110]
Detail Rule [7347677 de46228dcbbf2b7b402efde1177997ae]
Detail Rule [77718205 3894e9891a0ee58b44bc57c50a6f8123]
Detail Rule [37877401 48afe01180ab0d24cfe976e3a8215621]
Detail Rule [37625122 f3f6e3a96d0176245a5780bef7d3691e]
Detail Rule [9663157 768fe861f0fbe11cec07408ebbffdb85]
Detail Rule [29430644 63aee39e4fcd07a954c9cbdfd4c0fd69]
Detail Rule [305256 f6eb3d6796582a0e72847a3537741758]
Detail Rule [17516498 9fa0280ecb7e1fa26bd3a12d5db8d369]
Detail Rule [7216258 28c5766200d72ec5ddaa0d98c73e190d]
Detail Rule [3483147 f3be303a23819ad26257e5bd9140c60c]
Detail Rule [2827958 34f1122e70ac44adf6024e9957586239]
Detail Rule [5289389 2866bba578aa248ce9cad8db3f620d7d]
Detail Rule [5350214 57e67b6d0f779f4cf1ec95d2db9ecb8a]
File does not exists C:\Program Files (x86)\Disney\Disney Online\ToontownOnline\phase_1.mf
File does not exists C:\Program Files (x86)\Disney\Disney Online\ToontownOnline\phase_2.mf
File does not exists C:\Program Files (x86)\Disney\Disney Online\ToontownOnline\phase_3.mf
File does not exists C:\Program Files (x86)\Disney\Disney Online\ToontownOnline\phase_3.5.mf
File does not exists C:\Program Files (x86)\Disney\Disney Online\ToontownOnline\phase_4.mf
File does not exists C:\Program Files (x86)\Disney\Disney Online\ToontownOnline\phase_5.mf
File does not exists C:\Program Files (x86)\Disney\Disney Online\ToontownOnline\phase_5.5.mf
File does not exists C:\Program Files (x86)\Disney\Disney Online\ToontownOnline\phase_6.mf
File does not exists C:\Program Files (x86)\Disney\Disney Online\ToontownOnline\phase_7.mf
File does not exists C:\Program Files (x86)\Disney\Disney Online\ToontownOnline\phase_8.mf
File does not exists C:\Program Files (x86)\Disney\Disney Online\ToontownOnline\phase_9.mf
File does not exists C:\Program Files (x86)\Disney\Disney Online\ToontownOnline\phase_10.mf
File does not exists C:\Program Files (x86)\Disney\Disney Online\ToontownOnline\phase_11.mf
File does not exists C:\Program Files (x86)\Disney\Disney Online\ToontownOnline\phase_12.mf
File does not exists C:\Program Files (x86)\Disney\Disney Online\ToontownOnline\phase_13.mf
Starting install check for phase_1.mf
Installing Toontown Online 0 of 17
File operation fetch hash phase_1.mf
File does not exists C:\Program Files (x86)\Disney\Disney Online\ToontownOnline\phase_1.mf
File operation install phase_1.mf
Fetch Starting http://cdn.download.toontown.com/english/currentVersionWIN/content/phase_1.mf.v1.148.bz2
MD5 for=C:\Program Files (x86)\Disney\Disney Online\ToontownOnline\phase_1.mf  Hash=8d8f1c4e4b7410458c596c9339d57990 Size=38439966
File operation mf extract phase_1.mf
File does not exists C:\Program Files (x86)\Disney\Disney Online\ToontownOnline\Configrc.pre
File does not exists C:\Program Files (x86)\Disney\Disney Online\ToontownOnline\Microsoft.VC80.CRT.manifest
File does not exists C:\Program Files (x86)\Disney\Disney Online\ToontownOnline\Microsoft.VC90.CRT.manifest
File does not exists C:\Program Files (x86)\Disney\Disney Online\ToontownOnline\PlayToontown.url
File does not exists C:\Program Files (x86)\Disney\Disney Online\ToontownOnline\PlayToontownTest.url
File does not exists C:\Program Files (x86)\Disney\Disney Online\ToontownOnline\Toontown.exe
File does not exists C:\Program Files (x86)\Disney\Disney Online\ToontownOnline\Toontown.exe.manifest
File does not exists C:\Program Files (x86)\Disney\Disney Online\ToontownOnline\Toontown.url
File does not exists C:\Program Files (x86)\Disney\Disney Online\ToontownOnline\ToontownTest.url
File does not exists C:\Program Files (x86)\Disney\Disney Online\ToontownOnline\_ctypes.pyd
File does not exists C:\Program Files (x86)\Disney\Disney Online\ToontownOnline\_socket.pyd
File does not exists C:\Program Files (x86)\Disney\Disney Online\ToontownOnline\avcodec.dll
File does not exists C:\Program Files (x86)\Disney\Disney Online\ToontownOnline\avformat.dll
File does not exists C:\Program Files (x86)\Disney\Disney Online\ToontownOnline\avutil.dll
File does not exists C:\Program Files (x86)\Disney\Disney Online\ToontownOnline\bz2.pyd
File does not exists C:\Program Files (x86)\Disney\Disney Online\ToontownOnline\libdtool.dll
File does not exists C:\Program Files (x86)\Disney\Disney Online\ToontownOnline\libdtoolconfig.dll
File does not exists C:\Program Files (x86)\Disney\Disney Online\ToontownOnline\libheapq.dll
File does not exists C:\Program Files (x86)\Disney\Disney Online\ToontownOnline\libpandaegg.dll
File does not exists C:\Program Files (x86)\Disney\Disney Online\ToontownOnline\libpandaexpress.dll
File does not exists C:\Program Files (x86)\Disney\Disney Online\ToontownOnline\libpandaode.dll
File does not exists C:\Program Files (x86)\Disney\Disney Online\ToontownOnline\msvcp71.dll
File does not exists C:\Program Files (x86)\Disney\Disney Online\ToontownOnline\msvcp80.dll
File does not exists C:\Program Files (x86)\Disney\Disney Online\ToontownOnline\msvcp90.dll
File does not exists C:\Program Files (x86)\Disney\Disney Online\ToontownOnline\msvcr71.dll
File does not exists C:\Program Files (x86)\Disney\Disney Online\ToontownOnline\msvcr80.dll
File does not exists C:\Program Files (x86)\Disney\Disney Online\ToontownOnline\msvcr90.dll
File does not exists C:\Program Files (x86)\Disney\Disney Online\ToontownOnline\phase_3/etc/otp.dc
File does not exists C:\Program Files (x86)\Disney\Disney Online\ToontownOnline\phase_3/etc/toon.dc
File does not exists C:\Program Files (x86)\Disney\Disney Online\ToontownOnline\python24.dll
File does not exists C:\Program Files (x86)\Disney\Disney Online\ToontownOnline\pywintypes24.dll
File does not exists C:\Program Files (x86)\Disney\Disney Online\ToontownOnline\toontown.ico
File does not exists C:\Program Files (x86)\Disney\Disney Online\ToontownOnline\unicodedata.pyd
File does not exists C:\Program Files (x86)\Disney\Disney Online\ToontownOnline\win32api.pyd
File does not exists C:\Program Files (x86)\Disney\Disney Online\ToontownOnline\zlib.pyd
Starting install check for phase_2.mf
Installing Toontown Online 2 of 17
File operation fetch hash phase_2.mf
File does not exists C:\Program Files (x86)\Disney\Disney Online\ToontownOnline\phase_2.mf
File operation install phase_2.mf
Fetch Starting http://cdn.download.toontown.com/english/currentVersionWIN/content/phase_2.mf.v1.148.bz2
MD5 for=C:\Program Files (x86)\Disney\Disney Online\ToontownOnline\phase_2.mf  Hash=ab7f06f1b5f9f7bfaefbe1f0c68c8110 Size=22771969
File operation mf extract phase_2.mf
File does not exists C:\Program Files (x86)\Disney\Disney Online\ToontownOnline\Phase2.pyd
File does not exists C:\Program Files (x86)\Disney\Disney Online\ToontownOnline\libdirect.dll
File does not exists C:\Program Files (x86)\Disney\Disney Online\ToontownOnline\libmiles_audio.dll
File does not exists C:\Program Files (x86)\Disney\Disney Online\ToontownOnline\libotp.dll
File does not exists C:\Program Files (x86)\Disney\Disney Online\ToontownOnline\libpanda.dll
File does not exists C:\Program Files (x86)\Disney\Disney Online\ToontownOnline\libpandadx8.dll
File does not exists C:\Program Files (x86)\Disney\Disney Online\ToontownOnline\libpandadx9.dll
File does not exists C:\Program Files (x86)\Disney\Disney Online\ToontownOnline\libpandafx.dll
File does not exists C:\Program Files (x86)\Disney\Disney Online\ToontownOnline\libpandagl.dll
File does not exists C:\Program Files (x86)\Disney\Disney Online\ToontownOnline\libpandaphysics.dll
File does not exists C:\Program Files (x86)\Disney\Disney Online\ToontownOnline\libtoontown.dll
File does not exists C:\Program Files (x86)\Disney\Disney Online\ToontownOnline\libwindisplay.dll
File does not exists C:\Program Files (x86)\Disney\Disney Online\ToontownOnline\mss32.dll
File does not exists C:\Program Files (x86)\Disney\Disney Online\ToontownOnline\mssmp3.asi
File does not exists C:\Program Files (x86)\Disney\Disney Online\ToontownOnline\ode_single.dll
File does not exists C:\Program Files (x86)\Disney\Disney Online\ToontownOnline\toonmono.cur
Starting install check for phase_3.mf
Installing Toontown Online 4 of 17
File operation fetch hash phase_3.mf
File does not exists C:\Program Files (x86)\Disney\Disney Online\ToontownOnline\phase_3.mf
File operation install phase_3.mf
Fetch Starting http://cdn.download.toontown.com/english/currentVersionWIN/content/phase_3.mf.v1.52.bz2
MD5 for=C:\Program Files (x86)\Disney\Disney Online\ToontownOnline\phase_3.mf  Hash=de46228dcbbf2b7b402efde1177997ae Size=7347677
Starting install check for phase_3.5.mf
Installing Toontown Online 5 of 17
File operation fetch hash phase_3.5.mf
File does not exists C:\Program Files (x86)\Disney\Disney Online\ToontownOnline\phase_3.5.mf
File operation install phase_3.5.mf
Fetch Starting http://cdn.download.toontown.com/english/currentVersionWIN/content/phase_3.5.mf.v1.58.bz2
MD5 for=C:\Program Files (x86)\Disney\Disney Online\ToontownOnline\phase_3.5.mf  Hash=3894e9891a0ee58b44bc57c50a6f8123 Size=77718205
Starting install check for phase_4.mf
Installing Toontown Online 6 of 17
File operation fetch hash phase_4.mf
File does not exists C:\Program Files (x86)\Disney\Disney Online\ToontownOnline\phase_4.mf
File operation install phase_4.mf
Fetch Starting http://cdn.download.toontown.com/english/currentVersionWIN/content/phase_4.mf.v1.60.bz2
MD5 for=C:\Program Files (x86)\Disney\Disney Online\ToontownOnline\phase_4.mf  Hash=48afe01180ab0d24cfe976e3a8215621 Size=37877401
Starting install check for phase_5.mf
Installing Toontown Online 7 of 17
File operation fetch hash phase_5.mf
File does not exists C:\Program Files (x86)\Disney\Disney Online\ToontownOnline\phase_5.mf
File operation install phase_5.mf
Fetch Starting http://cdn.download.toontown.com/english/currentVersionWIN/content/phase_5.mf.v1.42.bz2
MD5 for=C:\Program Files (x86)\Disney\Disney Online\ToontownOnline\phase_5.mf  Hash=f3f6e3a96d0176245a5780bef7d3691e Size=37625122
Starting install check for phase_5.5.mf
Installing Toontown Online 8 of 17
File operation fetch hash phase_5.5.mf
File does not exists C:\Program Files (x86)\Disney\Disney Online\ToontownOnline\phase_5.5.mf
File operation install phase_5.5.mf
Fetch Starting http://cdn.download.toontown.com/english/currentVersionWIN/content/phase_5.5.mf.v1.40.bz2
MD5 for=C:\Program Files (x86)\Disney\Disney Online\ToontownOnline\phase_5.5.mf  Hash=768fe861f0fbe11cec07408ebbffdb85 Size=9663157
Starting install check for phase_6.mf
Installing Toontown Online 9 of 17
File operation fetch hash phase_6.mf
File does not exists C:\Program Files (x86)\Disney\Disney Online\ToontownOnline\phase_6.mf
File operation install phase_6.mf
Fetch Starting http://cdn.download.toontown.com/english/currentVersionWIN/content/phase_6.mf.v1.48.bz2
MD5 for=C:\Program Files (x86)\Disney\Disney Online\ToontownOnline\phase_6.mf  Hash=63aee39e4fcd07a954c9cbdfd4c0fd69 Size=29430644
Starting install check for phase_7.mf
Installing Toontown Online 10 of 17
File operation fetch hash phase_7.mf
File does not exists C:\Program Files (x86)\Disney\Disney Online\ToontownOnline\phase_7.mf
File operation install phase_7.mf
Fetch Starting http://cdn.download.toontown.com/english/currentVersionWIN/content/phase_7.mf.v1.29.bz2
MD5 for=C:\Program Files (x86)\Disney\Disney Online\ToontownOnline\phase_7.mf  Hash=f6eb3d6796582a0e72847a3537741758 Size=305256
Starting install check for phase_8.mf
Installing Toontown Online 11 of 17
File operation fetch hash phase_8.mf
File does not exists C:\Program Files (x86)\Disney\Disney Online\ToontownOnline\phase_8.mf
File operation install phase_8.mf
Fetch Starting http://cdn.download.toontown.com/english/currentVersionWIN/content/phase_8.mf.v1.47.bz2
MD5 for=C:\Program Files (x86)\Disney\Disney Online\ToontownOnline\phase_8.mf  Hash=9fa0280ecb7e1fa26bd3a12d5db8d369 Size=17516498
Starting install check for phase_9.mf
Installing Toontown Online 12 of 17
File operation fetch hash phase_9.mf
File does not exists C:\Program Files (x86)\Disney\Disney Online\ToontownOnline\phase_9.mf
File operation install phase_9.mf
Fetch Starting http://cdn.download.toontown.com/english/currentVersionWIN/content/phase_9.mf.v1.36.bz2
MD5 for=C:\Program Files (x86)\Disney\Disney Online\ToontownOnline\phase_9.mf  Hash=28c5766200d72ec5ddaa0d98c73e190d Size=7216258
Starting install check for phase_10.mf
Installing Toontown Online 13 of 17
File operation fetch hash phase_10.mf
File does not exists C:\Program Files (x86)\Disney\Disney Online\ToontownOnline\phase_10.mf
File operation install phase_10.mf
Fetch Starting http://cdn.download.toontown.com/english/currentVersionWIN/content/phase_10.mf.v1.32.bz2
MD5 for=C:\Program Files (x86)\Disney\Disney Online\ToontownOnline\phase_10.mf  Hash=f3be303a23819ad26257e5bd9140c60c Size=3483147
Starting install check for phase_11.mf
Installing Toontown Online 14 of 17
File operation fetch hash phase_11.mf
File does not exists C:\Program Files (x86)\Disney\Disney Online\ToontownOnline\phase_11.mf
File operation install phase_11.mf
Fetch Starting http://cdn.download.toontown.com/english/currentVersionWIN/content/phase_11.mf.v1.31.bz2
MD5 for=C:\Program Files (x86)\Disney\Disney Online\ToontownOnline\phase_11.mf  Hash=34f1122e70ac44adf6024e9957586239 Size=2827958
Starting install check for phase_12.mf
Installing Toontown Online 15 of 17
File operation fetch hash phase_12.mf
File does not exists C:\Program Files (x86)\Disney\Disney Online\ToontownOnline\phase_12.mf
File operation install phase_12.mf
Fetch Starting http://cdn.download.toontown.com/english/currentVersionWIN/content/phase_12.mf.v1.31.bz2
MD5 for=C:\Program Files (x86)\Disney\Disney Online\ToontownOnline\phase_12.mf  Hash=2866bba578aa248ce9cad8db3f620d7d Size=5289389
Starting install check for phase_13.mf
Installing Toontown Online 16 of 17
File operation fetch hash phase_13.mf
File does not exists C:\Program Files (x86)\Disney\Disney Online\ToontownOnline\phase_13.mf
File operation install phase_13.mf
Fetch Starting http://cdn.download.toontown.com/english/currentVersionWIN/content/phase_13.mf.v1.28.bz2
MD5 for=C:\Program Files (x86)\Disney\Disney Online\ToontownOnline\phase_13.mf  Hash=57e67b6d0f779f4cf1ec95d2db9ecb8a Size=5350214
Patches Up to date 
Detail Rule [38439966 8d8f1c4e4b7410458c596c9339d57990]
Detail Rule [22771969 ab7f06f1b5f9f7bfaefbe1f0c68c8110]
Detail Rule [7347677 de46228dcbbf2b7b402efde1177997ae]
Detail Rule [77718205 3894e9891a0ee58b44bc57c50a6f8123]
Detail Rule [37877401 48afe01180ab0d24cfe976e3a8215621]
Detail Rule [37625122 f3f6e3a96d0176245a5780bef7d3691e]
Detail Rule [9663157 768fe861f0fbe11cec07408ebbffdb85]
Detail Rule [29430644 63aee39e4fcd07a954c9cbdfd4c0fd69]
Detail Rule [305256 f6eb3d6796582a0e72847a3537741758]
Detail Rule [17516498 9fa0280ecb7e1fa26bd3a12d5db8d369]
Detail Rule [7216258 28c5766200d72ec5ddaa0d98c73e190d]
Detail Rule [3483147 f3be303a23819ad26257e5bd9140c60c]
Detail Rule [2827958 34f1122e70ac44adf6024e9957586239]
Detail Rule [5289389 2866bba578aa248ce9cad8db3f620d7d]
Detail Rule [5350214 57e67b6d0f779f4cf1ec95d2db9ecb8a]
-------->[WEB3] Setting Url To res://C:\Program Files (x86)\Disney\Disney Online\ToontownOnline\ToontownLauncher.exe/157
-------->[WEB1] Setting Url To http://toontown.go.com/content/en/launcher/live/news/
-------->[WEB1] Setting Url To res://C:\Program Files (x86)\Disney\Disney Online\ToontownOnline\ToontownLauncher.exe/157
021C1010 Normal Exit